20230228	20:03:44	c212a068-ff6e-45a1-9df3-773909a5bb79	GET	/	undefined
20230228	20:03:44	dfd5bd1a-1210-4282-aaac-1ca5a0a0d658	GET	/css/styles.css	undefined
20230228	20:04:33	8c23b71a-9774-48e2-a126-ecbcad7420d4	GET	/	undefined
20230228	20:04:33	858b74db-5002-40fa-9959-97f2e1bc0aee	GET	/css/styles.css	undefined
20230301	18:51:52	21d6fafb-eae0-4a0e-b127-3b6537563607	GET	/	https://www.google.com
20230301	18:51:52	eb3a3fca-e47c-4fff-b803-68d3d06c4f0b	OPTIONS	/	https://www.google.com
20230301	19:10:48	93c61781-1b0d-4fb6-bee3-61322d383a3f	GET	/	https://www.google.com
20230301	19:10:49	ab3625de-5693-4ddf-a911-83d6031fa1fb	OPTIONS	/	https://www.google.com
20230301	19:13:03	04d2e507-1405-4624-8ae3-36798c884b8c	OPTIONS	/	https://www.google.com
20230301	19:13:03	b38bb9ae-8e2f-4873-a04a-6fed4b6631be	GET	/	https://www.google.com
20230303	22:04:02	1db58868-8a98-4690-af65-7fd87ff52459	GET	/users	undefined
20230303	22:06:07	476b6df5-f106-4f12-ad49-07aa3c6151c2	GET	/users	undefined
20230303	22:09:17	c3afeedb-9727-4e75-afa6-169c37c1463e	POST	/users	undefined
20230303	22:09:33	498522a0-b4e6-4875-9a72-841a4da8f889	GET	/users	undefined
20230303	22:09:40	fbc013fe-7d80-4e7e-bc08-4b13d57e11a7	GET	/users	undefined
20230303	22:09:43	75a188b2-c764-4c0c-97b1-4ebd5de5ccec	GET	/users	undefined
20230303	22:09:46	5a4f7989-a6df-4365-a00c-5a7c2478e657	GET	/users	undefined
20230303	22:09:48	f7746b81-6bfa-4bf8-bd29-d1cb9acd48f8	GET	/users	undefined
20230303	22:11:15	2b77043a-f6bf-4d5b-9fe6-0c75e2837bef	POST	/users	undefined
20230303	22:11:36	f500871f-3058-4e45-b19e-1f5bb9bfe361	POST	/users	undefined
20230303	22:14:27	127af91a-5b05-4821-b48d-84a1a91b3ad7	PUT	/users	undefined
20230303	22:14:38	fbfb5ce3-15bb-42b8-a1a4-534ff3789736	GET	/	undefined
20230303	22:14:39	d54f9be1-23bf-4342-9cd7-24e322c38a69	GET	/css/styles.css	undefined
20230303	22:15:01	45a0a9e5-3720-4ccf-b70a-3d759a30913c	POST	/users	undefined
20230303	22:15:06	1143ca65-b85c-4933-9947-269e3a7480d6	GET	/users	undefined
20230303	22:16:17	b445dcfb-6d6c-450f-8b17-e86d6ddd1892	PATCH	/users	undefined
20230303	22:16:45	7ccc40cf-311b-4796-a278-cbad3e6645f5	PATCH	/users	undefined
20230303	22:17:00	3dc8724a-76db-428e-858c-1ebed056a037	PATCH	/users	undefined
20230303	22:17:26	fc5f4df8-44ef-4afb-bce2-f78920055270	PATCH	/users	undefined
20230303	22:17:52	ccd791e0-2668-4d3b-a12d-36fa1eb90ac5	PATCH	/users	undefined
20230303	22:17:59	acc2c15d-1505-4441-9dec-b481f2db2f01	PATCH	/users	undefined
20230303	22:19:04	aaf1993f-550c-457c-9b6f-f7bde90788e4	PATCH	/users	undefined
20230303	22:21:20	386f4412-1438-427c-84ab-2f0aa178e26f	PATCH	/users	undefined
20230303	22:23:12	c8eff804-29bc-4f65-aee7-29b1497ee7d8	DELETE	/users	undefined
20230303	22:23:44	9faf2e28-bbc2-4f62-9507-3386e3248996	GET	/users	undefined
